<?xml version="1.0" encoding="UTF-8"?>
<testsuite xmlns:xsi="http://www.w3.org/2001/XMLSchema-instance" xsi:noNamespaceSchemaLocation="https://maven.apache.org/surefire/maven-surefire-plugin/xsd/surefire-test-report-3.0.xsd" version="3.0" name="sn.innolink.kyvshield.KyvShieldTest" time="23.984" tests="22" errors="0" skipped="0" failures="0">
  <properties>
[...]
</properties>
  <testcase name="testInvalidApiKeyReturnsException" classname="sn.innolink.kyvshield.KyvShieldTest" time="0.691"/>
  <testcase name="testGetChallengesIntegration" classname="sn.innolink.kyvshield.KyvShieldTest" time="0.036">
    <system-out><![CDATA[[getChallenges] document.minimal  = [center_document]
[getChallenges] document.standard = [center_document, tilt_left, tilt_right]
[getChallenges] selfie.standard   = [center_face, close_eyes, turn_left, turn_right]
]]></system-out>
  </testcase>
  <testcase name="testChallengeModeFromValue" classname="sn.innolink.kyvshield.KyvShieldTest" time="0.0"/>
  <testcase name="testVerifyRectoVersoIntegration" classname="sn.innolink.kyvshield.KyvShieldTest" time="17.294">
    <system-out><![CDATA[[verify] sessionId       = 4aa875a54a5fa7b1ac68023ee0de40d3
[verify] overallStatus   = pass
[verify] overallConfidence = 0.965
[verify] processingTimeMs  = 17157
[verify] step[0] recto success=true processingTimeMs=8927
  liveness: isLive=true score=0.98 confidence=HIGH
  extraction fields: 12
    numero_carte=1 06 19930515 00026 8
    prenoms=MOUSSA
    nom=NDOUR
[verify] step[1] verso success=true processingTimeMs=8144
  liveness: isLive=true score=0.95 confidence=HIGH
  extraction fields: 4
    nin=1548199301837
    code_pays=SEN
    inscrit_liste_electorale=false
]]></system-out>
  </testcase>
  <testcase name="testConstructorDefaultUrl" classname="sn.innolink.kyvshield.KyvShieldTest" time="0.0"/>
  <testcase name="testMissingImageFileThrows" classname="sn.innolink.kyvshield.KyvShieldTest" time="0.001"/>
  <testcase name="testVerifyOptionsBuilder" classname="sn.innolink.kyvshield.KyvShieldTest" time="0.0"/>
  <testcase name="testChallengeModeValues" classname="sn.innolink.kyvshield.KyvShieldTest" time="0.001"/>
  <testcase name="testConstructorNullApiKey" classname="sn.innolink.kyvshield.KyvShieldTest" time="0.001"/>
  <testcase name="testVerifyWebhookSignatureInvalid" classname="sn.innolink.kyvshield.KyvShieldTest" time="0.007"/>
  <testcase name="testVerifyWebhookSignatureValid" classname="sn.innolink.kyvshield.KyvShieldTest" time="0.003"/>
  <testcase name="testVerifyWithFaceMatchIntegration" classname="sn.innolink.kyvshield.KyvShieldTest" time="5.79">
    <system-out><![CDATA[[verify+face] isMatch=false similarity=0.0
]]></system-out>
  </testcase>
  <testcase name="testChallengeModeFromValueInvalid" classname="sn.innolink.kyvshield.KyvShieldTest" time="0.001"/>
  <testcase name="testVerifyOptionsBuilderMissingSteps" classname="sn.innolink.kyvshield.KyvShieldTest" time="0.003"/>
  <testcase name="testStepFromValue" classname="sn.innolink.kyvshield.KyvShieldTest" time="0.0"/>
  <testcase name="testVerifyOptionsBuilderMissingImages" classname="sn.innolink.kyvshield.KyvShieldTest" time="0.0"/>
  <testcase name="testConstructorBlankApiKey" classname="sn.innolink.kyvshield.KyvShieldTest" time="0.0"/>
  <testcase name="testVerifyOptionsBuilderMissingTarget" classname="sn.innolink.kyvshield.KyvShieldTest" time="0.001"/>
  <testcase name="testOverallStatusFromValue" classname="sn.innolink.kyvshield.KyvShieldTest" time="0.0"/>
  <testcase name="testVerifyWebhookSignatureNullArgs" classname="sn.innolink.kyvshield.KyvShieldTest" time="0.001"/>
  <testcase name="testConstructorCustomUrl" classname="sn.innolink.kyvshield.KyvShieldTest" time="0.003"/>
  <testcase name="testStepValues" classname="sn.innolink.kyvshield.KyvShieldTest" time="0.001"/>
</testsuite>